0 info it worked if it ends with ok
1 verbose cli [ 'C:\\Program Files\\nodejs\\node.exe',
1 verbose cli   'C:\\Program Files\\nodejs\\node_modules\\npm\\bin\\npm-cli.js',
1 verbose cli   'install' ]
2 info using npm@3.10.10
3 info using node@v6.10.0
4 silly loadCurrentTree Starting
5 silly install loadCurrentTree
6 silly install readLocalPackageData
7 silly install normalizeTree
8 silly loadCurrentTree Finishing
9 silly loadIdealTree Starting
10 silly install loadIdealTree
11 silly cloneCurrentTree Starting
12 silly install cloneCurrentTreeToIdealTree
13 silly cloneCurrentTree Finishing
14 silly loadShrinkwrap Starting
15 silly install loadShrinkwrap
16 silly loadShrinkwrap Finishing
17 silly loadAllDepsIntoIdealTree Starting
18 silly install loadAllDepsIntoIdealTree
19 silly loadAllDepsIntoIdealTree Finishing
20 silly loadIdealTree Finishing
21 silly currentTree native-script-map@0.0.1
21 silly currentTree +-- commander@2.3.0
21 silly currentTree +-- debug@2.2.0
21 silly currentTree +-- define-properties@1.1.2
21 silly currentTree +-- diff@1.4.0
21 silly currentTree +-- es-abstract@1.7.0
21 silly currentTree +-- es-to-primitive@1.1.1
21 silly currentTree +-- escape-string-regexp@1.0.2
21 silly currentTree +-- expect@1.20.2
21 silly currentTree +-- foreach@2.0.5
21 silly currentTree +-- function-bind@1.1.0
21 silly currentTree +-- glob@3.2.3
21 silly currentTree +-- graceful-fs@2.0.3
21 silly currentTree +-- growl@1.8.1
21 silly currentTree +-- has@1.0.1
21 silly currentTree +-- inherits@2.0.3
21 silly currentTree +-- is-arrow-function@2.0.3
21 silly currentTree +-- is-boolean-object@1.0.0
21 silly currentTree +-- is-callable@1.1.3
21 silly currentTree +-- is-date-object@1.0.1
21 silly currentTree +-- is-equal@1.5.5
21 silly currentTree +-- is-generator-function@1.0.6
21 silly currentTree +-- is-number-object@1.0.3
21 silly currentTree +-- is-regex@1.0.4
21 silly currentTree +-- is-string@1.0.4
21 silly currentTree +-- is-symbol@1.0.1
21 silly currentTree +-- jade@0.26.3
21 silly currentTree | +-- commander@0.6.1
21 silly currentTree | `-- mkdirp@0.3.0
21 silly currentTree +-- lru-cache@2.7.3
21 silly currentTree +-- minimatch@0.2.14
21 silly currentTree +-- minimist@0.0.8
21 silly currentTree +-- mkdirp@0.5.1
21 silly currentTree +-- mocha@2.4.5
21 silly currentTree +-- ms@0.7.1
21 silly currentTree +-- nan@2.5.1
21 silly currentTree +-- object-inspect@1.2.1
21 silly currentTree +-- object-keys@1.0.11
21 silly currentTree +-- object.entries@1.0.4
21 silly currentTree +-- sigmund@1.0.1
21 silly currentTree +-- supports-color@1.2.0
21 silly currentTree `-- tmatch@2.0.1
22 silly idealTree native-script-map@0.0.1
22 silly idealTree +-- commander@2.3.0
22 silly idealTree +-- debug@2.2.0
22 silly idealTree +-- define-properties@1.1.2
22 silly idealTree +-- diff@1.4.0
22 silly idealTree +-- es-abstract@1.7.0
22 silly idealTree +-- es-to-primitive@1.1.1
22 silly idealTree +-- escape-string-regexp@1.0.2
22 silly idealTree +-- expect@1.20.2
22 silly idealTree +-- foreach@2.0.5
22 silly idealTree +-- function-bind@1.1.0
22 silly idealTree +-- glob@3.2.3
22 silly idealTree +-- graceful-fs@2.0.3
22 silly idealTree +-- growl@1.8.1
22 silly idealTree +-- has@1.0.1
22 silly idealTree +-- inherits@2.0.3
22 silly idealTree +-- is-arrow-function@2.0.3
22 silly idealTree +-- is-boolean-object@1.0.0
22 silly idealTree +-- is-callable@1.1.3
22 silly idealTree +-- is-date-object@1.0.1
22 silly idealTree +-- is-equal@1.5.5
22 silly idealTree +-- is-generator-function@1.0.6
22 silly idealTree +-- is-number-object@1.0.3
22 silly idealTree +-- is-regex@1.0.4
22 silly idealTree +-- is-string@1.0.4
22 silly idealTree +-- is-symbol@1.0.1
22 silly idealTree +-- jade@0.26.3
22 silly idealTree | +-- commander@0.6.1
22 silly idealTree | `-- mkdirp@0.3.0
22 silly idealTree +-- lru-cache@2.7.3
22 silly idealTree +-- minimatch@0.2.14
22 silly idealTree +-- minimist@0.0.8
22 silly idealTree +-- mkdirp@0.5.1
22 silly idealTree +-- mocha@2.4.5
22 silly idealTree +-- ms@0.7.1
22 silly idealTree +-- nan@2.5.1
22 silly idealTree +-- object-inspect@1.2.1
22 silly idealTree +-- object-keys@1.0.11
22 silly idealTree +-- object.entries@1.0.4
22 silly idealTree +-- sigmund@1.0.1
22 silly idealTree +-- supports-color@1.2.0
22 silly idealTree `-- tmatch@2.0.1
23 silly generateActionsToTake Starting
24 silly install generateActionsToTake
25 silly generateActionsToTake Finishing
26 silly diffTrees action count 0
27 silly decomposeActions action count 0
28 silly runTopLevelLifecycles Starting
29 silly install runPreinstallTopLevelLifecycles
30 silly preinstall native-script-map@0.0.1 C:\native-string-map\native-script-map-1123b473
31 info lifecycle native-script-map@0.0.1~preinstall: native-script-map@0.0.1
32 silly lifecycle native-script-map@0.0.1~preinstall: no script for preinstall, continuing
33 silly executeActions Starting
34 silly install executeActions
35 silly doSerial global-install 0
36 silly doParallel fetch 0
37 verbose correctMkdir C:\Users\Dev-Bart\AppData\Roaming\npm-cache\_locks correctMkdir not in flight; initializing
38 verbose lock using C:\Users\Dev-Bart\AppData\Roaming\npm-cache\_locks\staging-c065421109b32ff9.lock for C:\native-string-map\node_modules\.staging
39 silly doParallel extract 0
40 silly doParallel preinstall 0
41 silly doReverseSerial remove 0
42 silly doSerial move 0
43 silly doSerial finalize 0
44 silly doSerial build 0
45 silly doSerial global-link 0
46 silly doParallel update-linked 0
47 silly doSerial install 0
48 silly doSerial postinstall 0
49 verbose unlock done using C:\Users\Dev-Bart\AppData\Roaming\npm-cache\_locks\staging-c065421109b32ff9.lock for C:\native-string-map\node_modules\.staging
50 silly executeActions Finishing
51 silly rollbackFailedOptional Starting
52 silly rollbackFailedOptional Finishing
53 silly install runPostinstallTopLevelLifecycles
54 silly build native-script-map@0.0.1
55 info linkStuff native-script-map@0.0.1
56 silly linkStuff native-script-map@0.0.1 has C:\ as its parent node_modules
57 verbose linkBins native-script-map@0.0.1
58 verbose linkMans native-script-map@0.0.1
59 silly install native-script-map@0.0.1 C:\native-string-map\native-script-map-1123b473
60 info lifecycle native-script-map@0.0.1~install: native-script-map@0.0.1
61 verbose lifecycle native-script-map@0.0.1~install: unsafe-perm in lifecycle true
62 verbose lifecycle native-script-map@0.0.1~install: PATH: C:\Users\Dev-Bart\AppData\Roaming\nvm\v6.10.0\node_modules\npm\bin\node-gyp-bin;C:\native-string-map\node_modules\.bin;C:\cmder\bin;C:\Program Files\Git\bin;C:\Program Files\Git\usr\bin;C:\Program Files\Git\share\vim\vim74;C:\cmder\vendor\conemu-maximus5;C:\cmder\vendor\conemu-maximus5\ConEmu;C:\Program Files\ImageMagick-6.9.3-Q16;C:\Program Files\ImageMagick-6.9.2-Q16;C:\ProgramData\Oracle\Java\javapath;C:\windows\system32;C:\windows;C:\windows\System32\Wbem;C:\Program Files\Microsoft SQL Server\110\Tools\Binn\;C:\xampp\php;C:\ProgramData\ComposerSetup\bin;C:\Program Files\PostgreSQL\9.3\bin;C:\tmp\vendor\bin;C:\Program Files\PostgreSQL\9.3\include;C:\Program Files\Microsoft Windows Performance Toolkit\;C:\Python27;C:\Python27\libs;C:\Python27\Lib;C:\chromedriver_win32;C:\Users\Dev-Bart\AppData\Local\GitHub\PortableGit_c2ba306e536fdf878271f7fe636a147ff37326ad\bin;C:\Users\Dev-Bart\AppData\Local\GitHub\PortableGit_c2ba306e536fdf878271f7fe636a147ff37326ad\cmd;C:\HashiCorp\Vagrant\bin;C:\chromium\depot_tools\depot_tools;C:\Program Files (x86)\Microsoft SDKs\TypeScript\1.0\;C:\Program Files\Microsoft SQL Server\120\Tools\Binn\;C:\windows\System32\WindowsPowerShell\v1.0\;C:\Program Files\Java\jdk1.8.0_92\bin;C:\Android\android-sdk\tools;C:\Android\android-sdk\platform-tools;C:\apache-ant-1.9.3\bin;C:\Program Files (x86)\Git\cmd;C:\windows\System32\WindowsPowerShell\v1.0\;C:\windows\system32\config\systemprofile\.dnx\bin;C:\Program Files\Microsoft DNX\Dnvm\;C:\Program Files (x86)\Windows Kits\10\Windows Performance Toolkit\;C:\Android\android-sdk\tools;C:\Android\android-sdk\platform-tools;C:\Program Files (x86)\Tesseract-OCR;C:\opencv2\opencv\build\x64\vc12\bin;C:\Program Files (x86)\Skype\Phone\;C:\Users\Dev-Bart\AppData\Roaming\nvm;C:\Program Files\nodejs;C:\Program Files\doxygen\bin;C:\ProgramData\chocolatey\bin;C:\Program Files\Java\jdk1.8.0_92\bin;C:\Users\Dev-Bart\AppData\Local\Android\android-sdk\tools;C:\Users\Dev-Bart\AppData\Local\Android\android-sdk\platform-tools;C:\Go\bin;C:\Users\Dev-Bart\.dnx\bin;C:\Users\Dev-Bart\AppData\Roaming\npm;C:\Users\Dev-Bart\AppData\Roaming\nvm;C:\Program Files\nodejs;C:\Program Files\Docker Toolbox;C:\Program Files (x86)\Microsoft VS Code\bin;C:\cmder
63 verbose lifecycle native-script-map@0.0.1~install: CWD: C:\native-string-map
64 silly lifecycle native-script-map@0.0.1~install: Args: [ '/d /s /c', 'node-gyp rebuild' ]
65 silly lifecycle native-script-map@0.0.1~install: Returned: code: 1  signal: null
66 info lifecycle native-script-map@0.0.1~install: Failed to exec install script
67 verbose stack Error: native-script-map@0.0.1 install: `node-gyp rebuild`
67 verbose stack Exit status 1
67 verbose stack     at EventEmitter.<anonymous> (C:\Users\Dev-Bart\AppData\Roaming\nvm\v6.10.0\node_modules\npm\lib\utils\lifecycle.js:255:16)
67 verbose stack     at emitTwo (events.js:106:13)
67 verbose stack     at EventEmitter.emit (events.js:191:7)
67 verbose stack     at ChildProcess.<anonymous> (C:\Users\Dev-Bart\AppData\Roaming\nvm\v6.10.0\node_modules\npm\lib\utils\spawn.js:40:14)
67 verbose stack     at emitTwo (events.js:106:13)
67 verbose stack     at ChildProcess.emit (events.js:191:7)
67 verbose stack     at maybeClose (internal/child_process.js:877:16)
67 verbose stack     at Process.ChildProcess._handle.onexit (internal/child_process.js:226:5)
68 verbose pkgid native-script-map@0.0.1
69 verbose cwd C:\native-string-map
70 error Windows_NT 6.1.7601
71 error argv "C:\\Program Files\\nodejs\\node.exe" "C:\\Program Files\\nodejs\\node_modules\\npm\\bin\\npm-cli.js" "install"
72 error node v6.10.0
73 error npm  v3.10.10
74 error code ELIFECYCLE
75 error native-script-map@0.0.1 install: `node-gyp rebuild`
75 error Exit status 1
76 error Failed at the native-script-map@0.0.1 install script 'node-gyp rebuild'.
76 error Make sure you have the latest version of node.js and npm installed.
76 error If you do, this is most likely a problem with the native-script-map package,
76 error not with npm itself.
76 error Tell the author that this fails on your system:
76 error     node-gyp rebuild
76 error You can get information on how to open an issue for this project with:
76 error     npm bugs native-script-map
76 error Or if that isn't available, you can get their info via:
76 error     npm owner ls native-script-map
76 error There is likely additional logging output above.
77 verbose exit [ 1, true ]
